2021-07-26 16:30:18.068 INFO [restartedMain]com.payment.demo.DemoApplication.logStarting:55 -Starting DemoApplication using Java 1.8.0_221 on Topdens-MacBook-Air.local with PID 27144 (/Users/itachi/Desktop/demo-springboot/wechat payment/target/classes started by itachi in /Users/itachi/Desktop/demo-springboot/wechat payment)
2021-07-26 16:30:18.074 INFO [restartedMain]com.payment.demo.DemoApplication.logStartupProfileInfo:659 -No active profile set, falling back to default profiles: default
2021-07-26 16:30:18.312 INFO [restartedMain]o.s.b.devtools.env.DevToolsPropertyDefaultsPostProcessor.logTo:255 -Devtools property defaults active! Set 'spring.devtools.add-properties' to 'false' to disable
2021-07-26 16:30:18.313 INFO [restartedMain]o.s.b.devtools.env.DevToolsPropertyDefaultsPostProcessor.logTo:255 -For additional web related logging consider setting the 'logging.level.web' property to 'DEBUG'
2021-07-26 16:30:19.755 INFO [restartedMain]o.s.d.repository.config.RepositoryConfigurationDelegate.multipleStoresDetected:262 -Multiple Spring Data modules found, entering strict repository configuration mode!
2021-07-26 16:30:19.757 INFO [restartedMain]o.s.d.repository.config.RepositoryConfigurationDelegate.registerRepositoriesIn:132 -Bootstrapping Spring Data Redis repositories in DEFAULT mode.
2021-07-26 16:30:19.795 INFO [restartedMain]o.s.d.repository.config.RepositoryConfigurationDelegate.registerRepositoriesIn:201 -Finished Spring Data repository scanning in 18 ms. Found 0 Redis repository interfaces.
2021-07-26 16:30:20.638 INFO [restartedMain]o.s.boot.web.embedded.tomcat.TomcatWebServer.initialize:108 -Tomcat initialized with port(s): 8082 (http)
2021-07-26 16:30:20.649 INFO [restartedMain]org.apache.coyote.http11.Http11NioProtocol.log:173 -Initializing ProtocolHandler ["http-nio-8082"]
2021-07-26 16:30:20.650 INFO [restartedMain]org.apache.catalina.core.StandardService.log:173 -Starting service [Tomcat]
2021-07-26 16:30:20.651 INFO [restartedMain]org.apache.catalina.core.StandardEngine.log:173 -Starting Servlet engine: [Apache Tomcat/9.0.48]
2021-07-26 16:30:20.727 INFO [restartedMain]o.a.catalina.core.ContainerBase.[Tomcat].[localhost].[/].log:173 -Initializing Spring embedded WebApplicationContext
2021-07-26 16:30:20.728 INFO [restartedMain]o.s.b.w.s.context.ServletWebServerApplicationContext.prepareWebApplicationContext:290 -Root WebApplicationContext: initialization completed in 2413 ms
2021-07-26 16:30:22.307 INFO [restartedMain]o.s.boot.devtools.autoconfigure.OptionalLiveReloadServer.startServer:58 -LiveReload server is running on port 35729
2021-07-26 16:30:22.357 INFO [restartedMain]org.apache.coyote.http11.Http11NioProtocol.log:173 -Starting ProtocolHandler ["http-nio-8082"]
2021-07-26 16:30:22.401 INFO [restartedMain]o.s.boot.web.embedded.tomcat.TomcatWebServer.start:220 -Tomcat started on port(s): 8082 (http) with context path ''
2021-07-26 16:30:22.424 INFO [restartedMain]com.payment.demo.DemoApplication.logStarted:61 -Started DemoApplication in 5.642 seconds (JVM running for 7.57)
2021-07-26 16:42:01.943 INFO [restartedMain]com.payment.demo.DemoApplication.logStarting:55 -Starting DemoApplication using Java 1.8.0_221 on Topdens-MacBook-Air.local with PID 27225 (/Users/itachi/Desktop/demo-springboot/wechat payment/target/classes started by itachi in /Users/itachi/Desktop/demo-springboot/wechat payment)
2021-07-26 16:42:01.949 INFO [restartedMain]com.payment.demo.DemoApplication.logStartupProfileInfo:659 -No active profile set, falling back to default profiles: default
2021-07-26 16:42:02.212 INFO [restartedMain]o.s.b.devtools.env.DevToolsPropertyDefaultsPostProcessor.logTo:255 -Devtools property defaults active! Set 'spring.devtools.add-properties' to 'false' to disable
2021-07-26 16:42:02.213 INFO [restartedMain]o.s.b.devtools.env.DevToolsPropertyDefaultsPostProcessor.logTo:255 -For additional web related logging consider setting the 'logging.level.web' property to 'DEBUG'
2021-07-26 16:42:04.050 INFO [restartedMain]o.s.d.repository.config.RepositoryConfigurationDelegate.multipleStoresDetected:262 -Multiple Spring Data modules found, entering strict repository configuration mode!
2021-07-26 16:42:04.057 INFO [restartedMain]o.s.d.repository.config.RepositoryConfigurationDelegate.registerRepositoriesIn:132 -Bootstrapping Spring Data Redis repositories in DEFAULT mode.
2021-07-26 16:42:04.115 INFO [restartedMain]o.s.d.repository.config.RepositoryConfigurationDelegate.registerRepositoriesIn:201 -Finished Spring Data repository scanning in 27 ms. Found 0 Redis repository interfaces.
2021-07-26 16:42:05.521 INFO [restartedMain]o.s.boot.web.embedded.tomcat.TomcatWebServer.initialize:108 -Tomcat initialized with port(s): 8082 (http)
2021-07-26 16:42:05.533 INFO [restartedMain]org.apache.coyote.http11.Http11NioProtocol.log:173 -Initializing ProtocolHandler ["http-nio-8082"]
2021-07-26 16:42:05.535 INFO [restartedMain]org.apache.catalina.core.StandardService.log:173 -Starting service [Tomcat]
2021-07-26 16:42:05.535 INFO [restartedMain]org.apache.catalina.core.StandardEngine.log:173 -Starting Servlet engine: [Apache Tomcat/9.0.48]
2021-07-26 16:42:05.617 INFO [restartedMain]o.a.catalina.core.ContainerBase.[Tomcat].[localhost].[/].log:173 -Initializing Spring embedded WebApplicationContext
2021-07-26 16:42:05.618 INFO [restartedMain]o.s.b.w.s.context.ServletWebServerApplicationContext.prepareWebApplicationContext:290 -Root WebApplicationContext: initialization completed in 3404 ms
2021-07-26 16:42:07.395 INFO [restartedMain]o.s.boot.devtools.autoconfigure.OptionalLiveReloadServer.startServer:58 -LiveReload server is running on port 35729
2021-07-26 16:42:07.430 INFO [restartedMain]org.apache.coyote.http11.Http11NioProtocol.log:173 -Starting ProtocolHandler ["http-nio-8082"]
2021-07-26 16:42:07.463 INFO [restartedMain]o.s.boot.web.embedded.tomcat.TomcatWebServer.start:220 -Tomcat started on port(s): 8082 (http) with context path ''
2021-07-26 16:42:07.477 INFO [restartedMain]com.payment.demo.DemoApplication.logStarted:61 -Started DemoApplication in 7.46 seconds (JVM running for 9.357)
2021-07-26 16:42:45.617 INFO [http-nio-8082-exec-1]o.a.catalina.core.ContainerBase.[Tomcat].[localhost].[/].log:173 -Initializing Spring DispatcherServlet 'dispatcherServlet'
2021-07-26 16:42:45.619 INFO [http-nio-8082-exec-1]org.springframework.web.servlet.DispatcherServlet.initServletBean:525 -Initializing Servlet 'dispatcherServlet'
2021-07-26 16:42:45.620 INFO [http-nio-8082-exec-1]org.springframework.web.servlet.DispatcherServlet.initServletBean:547 -Completed initialization in 1 ms
2021-07-26 16:46:48.950 INFO [restartedMain]com.payment.demo.DemoApplication.logStarting:55 -Starting DemoApplication using Java 1.8.0_221 on Topdens-MacBook-Air.local with PID 27262 (/Users/itachi/Desktop/demo-springboot/wechat payment/target/classes started by itachi in /Users/itachi/Desktop/demo-springboot/wechat payment)
2021-07-26 16:46:48.956 INFO [restartedMain]com.payment.demo.DemoApplication.logStartupProfileInfo:659 -No active profile set, falling back to default profiles: default
2021-07-26 16:46:49.181 INFO [restartedMain]o.s.b.devtools.env.DevToolsPropertyDefaultsPostProcessor.logTo:255 -Devtools property defaults active! Set 'spring.devtools.add-properties' to 'false' to disable
2021-07-26 16:46:49.185 INFO [restartedMain]o.s.b.devtools.env.DevToolsPropertyDefaultsPostProcessor.logTo:255 -For additional web related logging consider setting the 'logging.level.web' property to 'DEBUG'
2021-07-26 16:46:50.641 INFO [restartedMain]o.s.d.repository.config.RepositoryConfigurationDelegate.multipleStoresDetected:262 -Multiple Spring Data modules found, entering strict repository configuration mode!
2021-07-26 16:46:50.645 INFO [restartedMain]o.s.d.repository.config.RepositoryConfigurationDelegate.registerRepositoriesIn:132 -Bootstrapping Spring Data Redis repositories in DEFAULT mode.
2021-07-26 16:46:50.696 INFO [restartedMain]o.s.d.repository.config.RepositoryConfigurationDelegate.registerRepositoriesIn:201 -Finished Spring Data repository scanning in 22 ms. Found 0 Redis repository interfaces.
2021-07-26 16:46:51.652 INFO [restartedMain]o.s.boot.web.embedded.tomcat.TomcatWebServer.initialize:108 -Tomcat initialized with port(s): 8082 (http)
2021-07-26 16:46:51.664 INFO [restartedMain]org.apache.coyote.http11.Http11NioProtocol.log:173 -Initializing ProtocolHandler ["http-nio-8082"]
2021-07-26 16:46:51.665 INFO [restartedMain]org.apache.catalina.core.StandardService.log:173 -Starting service [Tomcat]
2021-07-26 16:46:51.665 INFO [restartedMain]org.apache.catalina.core.StandardEngine.log:173 -Starting Servlet engine: [Apache Tomcat/9.0.48]
2021-07-26 16:46:51.748 INFO [restartedMain]o.a.catalina.core.ContainerBase.[Tomcat].[localhost].[/].log:173 -Initializing Spring embedded WebApplicationContext
2021-07-26 16:46:51.749 INFO [restartedMain]o.s.b.w.s.context.ServletWebServerApplicationContext.prepareWebApplicationContext:290 -Root WebApplicationContext: initialization completed in 2561 ms
2021-07-26 16:46:53.360 INFO [restartedMain]o.s.boot.devtools.autoconfigure.OptionalLiveReloadServer.startServer:58 -LiveReload server is running on port 35729
2021-07-26 16:46:53.389 INFO [restartedMain]org.apache.coyote.http11.Http11NioProtocol.log:173 -Starting ProtocolHandler ["http-nio-8082"]
2021-07-26 16:46:53.418 INFO [restartedMain]o.s.boot.web.embedded.tomcat.TomcatWebServer.start:220 -Tomcat started on port(s): 8082 (http) with context path ''
2021-07-26 16:46:53.432 INFO [restartedMain]com.payment.demo.DemoApplication.logStarted:61 -Started DemoApplication in 5.551 seconds (JVM running for 7.242)
2021-07-26 16:46:58.964 INFO [http-nio-8082-exec-1]o.a.catalina.core.ContainerBase.[Tomcat].[localhost].[/].log:173 -Initializing Spring DispatcherServlet 'dispatcherServlet'
2021-07-26 16:46:58.966 INFO [http-nio-8082-exec-1]org.springframework.web.servlet.DispatcherServlet.initServletBean:525 -Initializing Servlet 'dispatcherServlet'
2021-07-26 16:46:58.975 INFO [http-nio-8082-exec-1]org.springframework.web.servlet.DispatcherServlet.initServletBean:547 -Completed initialization in 3 ms
2021-07-26 16:47:05.651 INFO [http-nio-8082-exec-2]com.alibaba.druid.pool.DruidDataSource.init:930 -{dataSource-1} inited
2021-07-26 16:47:48.596 INFO [SpringApplicationShutdownHook]com.alibaba.druid.pool.DruidDataSource.close:1825 -{dataSource-1} closed
